2022-10-31 00:01:44.813  INFO 28560 --- [main] com.demo.spring.EmployeeApplication      : Starting EmployeeApplication using Java 11 on WKWIN4610862 with PID 28560 (C:\mock-project\banking-system\employee-microservice\target\classes started by shrkerim in C:\mock-project\banking-system\employee-microservice)
2022-10-31 00:01:44.826  INFO 28560 --- [main] com.demo.spring.EmployeeApplication      : No active profile set, falling back to 1 default profile: "default"
2022-10-31 00:01:44.930  INFO 28560 --- [main] o.s.c.c.c.ConfigServerConfigDataLoader   : Fetching config from server at : http://localhost:8888/
2022-10-31 00:01:44.934  INFO 28560 --- [main] o.s.c.c.c.ConfigServerConfigDataLoader   : Located environment: name=employee-microservice, profiles=[default], label=null, version=852c29991d08c962128433967b08721e8b36a8b3, state=null
2022-10-31 00:01:47.068  INFO 28560 --- [main] .s.d.r.c.RepositoryConfigurationDelegate : Bootstrapping Spring Data JPA repositories in DEFAULT mode.
2022-10-31 00:01:47.426  INFO 28560 --- [main] .s.d.r.c.RepositoryConfigurationDelegate : Finished Spring Data repository scanning in 344 ms. Found 2 JPA repository interfaces.
2022-10-31 00:01:47.866  INFO 28560 --- [main] o.s.cloud.context.scope.GenericScope     : BeanFactory id=af509455-4d06-3ff7-a979-2e51a4d08e6f
2022-10-31 00:01:48.471  INFO 28560 --- [main] o.s.b.w.embedded.tomcat.TomcatWebServer  : Tomcat initialized with port(s): 8282 (http)
2022-10-31 00:01:48.487  INFO 28560 --- [main] o.apache.catalina.core.StandardService   : Starting service [Tomcat]
2022-10-31 00:01:48.487  INFO 28560 --- [main] org.apache.catalina.core.StandardEngine  : Starting Servlet engine: [Apache Tomcat/9.0.65]
2022-10-31 00:01:48.761  INFO 28560 --- [main] o.a.c.c.C.[Tomcat].[localhost].[/]       : Initializing Spring embedded WebApplicationContext
2022-10-31 00:01:48.762  INFO 28560 --- [main] w.s.c.ServletWebServerApplicationContext : Root WebApplicationContext: initialization completed in 3823 ms
2022-10-31 00:01:49.216  INFO 28560 --- [main] o.hibernate.jpa.internal.util.LogHelper  : HHH000204: Processing PersistenceUnitInfo [name: default]
2022-10-31 00:01:49.293  INFO 28560 --- [main] org.hibernate.Version                    : HHH000412: Hibernate ORM core version 5.6.11.Final
2022-10-31 00:01:49.543  INFO 28560 --- [main] o.hibernate.annotations.common.Version   : HCANN000001: Hibernate Commons Annotations {5.1.2.Final}
2022-10-31 00:01:49.739  INFO 28560 --- [main] com.zaxxer.hikari.HikariDataSource       : HikariPool-1 - Starting...
2022-10-31 00:01:50.008  INFO 28560 --- [main] com.zaxxer.hikari.HikariDataSource       : HikariPool-1 - Start completed.
2022-10-31 00:01:50.105  INFO 28560 --- [main] org.hibernate.dialect.Dialect            : HHH000400: Using dialect: org.hibernate.dialect.MariaDB106Dialect
2022-10-31 00:01:51.350  INFO 28560 --- [main] o.h.e.t.j.p.i.JtaPlatformInitiator       : HHH000490: Using JtaPlatform implementation: [org.hibernate.engine.transaction.jta.platform.internal.NoJtaPlatform]
2022-10-31 00:01:51.365  INFO 28560 --- [main] j.LocalContainerEntityManagerFactoryBean : Initialized JPA EntityManagerFactory for persistence unit 'default'
2022-10-31 00:01:52.210  WARN 28560 --- [main] JpaBaseConfiguration$JpaWebConfiguration : spring.jpa.open-in-view is enabled by default. Therefore, database queries may be performed during view rendering. Explicitly configure spring.jpa.open-in-view to disable this warning
2022-10-31 00:01:55.656  INFO 28560 --- [RMI TCP Connection(3)-127.0.0.1] o.a.c.c.C.[Tomcat].[localhost].[/]       : Initializing Spring DispatcherServlet 'dispatcherServlet'
2022-10-31 00:01:55.657  INFO 28560 --- [RMI TCP Connection(3)-127.0.0.1] o.s.web.servlet.DispatcherServlet        : Initializing Servlet 'dispatcherServlet'
2022-10-31 00:01:55.715  INFO 28560 --- [RMI TCP Connection(3)-127.0.0.1] o.s.b.a.e.web.EndpointLinksResolver      : Exposing 18 endpoint(s) beneath base path '/actuator'
2022-10-31 00:01:55.735  INFO 28560 --- [RMI TCP Connection(3)-127.0.0.1] o.s.web.servlet.DispatcherServlet        : Completed initialization in 77 ms
2022-10-31 00:01:55.738  INFO 28560 --- [main] DiscoveryClientOptionalArgsConfiguration : Eureka HTTP Client uses RestTemplate.
2022-10-31 00:01:55.866  WARN 28560 --- [main] iguration$LoadBalancerCaffeineWarnLogger : Spring Cloud LoadBalancer is currently working with the default cache. While this cache implementation is useful for development and tests, it's recommended to use Caffeine cache in production.You can switch to using Caffeine cache, by adding it and org.springframework.cache.caffeine.CaffeineCacheManager to the classpath.
2022-10-31 00:01:56.000  INFO 28560 --- [main] o.s.c.n.eureka.InstanceInfoFactory       : Setting initial instance status as: STARTING
2022-10-31 00:01:56.107  INFO 28560 --- [main] com.netflix.discovery.DiscoveryClient    : Initializing Eureka in region us-east-1
2022-10-31 00:01:56.132  INFO 28560 --- [main] c.n.d.s.r.aws.ConfigClusterResolver      : Resolving eureka endpoints via configuration
2022-10-31 00:01:56.186  INFO 28560 --- [main] com.netflix.discovery.DiscoveryClient    : Disable delta property : false
2022-10-31 00:01:56.186  INFO 28560 --- [main] com.netflix.discovery.DiscoveryClient    : Single vip registry refresh property : null
2022-10-31 00:01:56.186  INFO 28560 --- [main] com.netflix.discovery.DiscoveryClient    : Force full registry fetch : false
2022-10-31 00:01:56.186  INFO 28560 --- [main] com.netflix.discovery.DiscoveryClient    : Application is null : false
2022-10-31 00:01:56.186  INFO 28560 --- [main] com.netflix.discovery.DiscoveryClient    : Registered Applications size is zero : true
2022-10-31 00:01:56.186  INFO 28560 --- [main] com.netflix.discovery.DiscoveryClient    : Application version is -1: true
2022-10-31 00:01:56.186  INFO 28560 --- [main] com.netflix.discovery.DiscoveryClient    : Getting all instance registry info from the eureka server
2022-10-31 00:01:56.862  INFO 28560 --- [main] com.netflix.discovery.DiscoveryClient    : The response status is 200
2022-10-31 00:01:56.866  INFO 28560 --- [main] com.netflix.discovery.DiscoveryClient    : Starting heartbeat executor: renew interval is: 30
2022-10-31 00:01:56.871  INFO 28560 --- [main] c.n.discovery.InstanceInfoReplicator     : InstanceInfoReplicator onDemand update allowed rate per min is 4
2022-10-31 00:01:56.883  INFO 28560 --- [main] com.netflix.discovery.DiscoveryClient    : Discovery Client initialized at timestamp 1667154716881 with initial instances count: 0
2022-10-31 00:01:56.887  INFO 28560 --- [main] o.s.c.n.e.s.EurekaServiceRegistry        : Registering application EMPLOYEE-MICROSERVICE with eureka with status UP
2022-10-31 00:01:56.888  INFO 28560 --- [main] com.netflix.discovery.DiscoveryClient    : Saw local status change event StatusChangeEvent [timestamp=1667154716888, current=UP, previous=STARTING]
2022-10-31 00:01:56.893  INFO 28560 --- [DiscoveryClient-InstanceInfoReplicator-0] com.netflix.discovery.DiscoveryClient    : DiscoveryClient_EMPLOYEE-MICROSERVICE/host.docker.internal:employee-microservice:8282: registering service...
2022-10-31 00:01:56.957  INFO 28560 --- [main] o.s.b.w.embedded.tomcat.TomcatWebServer  : Tomcat started on port(s): 8282 (http) with context path ''
2022-10-31 00:01:56.959  INFO 28560 --- [main] .s.c.n.e.s.EurekaAutoServiceRegistration : Updating port to 8282
2022-10-31 00:01:57.097  INFO 28560 --- [DiscoveryClient-InstanceInfoReplicator-0] com.netflix.discovery.DiscoveryClient    : DiscoveryClient_EMPLOYEE-MICROSERVICE/host.docker.internal:employee-microservice:8282 - registration status: 204
2022-10-31 00:01:58.141  INFO 28560 --- [main] com.demo.spring.EmployeeApplication      : Started EmployeeApplication in 17.948 seconds (JVM running for 19.391)
2022-10-31 00:02:26.868  INFO 28560 --- [DiscoveryClient-CacheRefreshExecutor-0] com.netflix.discovery.DiscoveryClient    : Disable delta property : false
2022-10-31 00:02:26.869  INFO 28560 --- [DiscoveryClient-CacheRefreshExecutor-0] com.netflix.discovery.DiscoveryClient    : Single vip registry refresh property : null
2022-10-31 00:02:26.869  INFO 28560 --- [DiscoveryClient-CacheRefreshExecutor-0] com.netflix.discovery.DiscoveryClient    : Force full registry fetch : false
2022-10-31 00:02:26.869  INFO 28560 --- [DiscoveryClient-CacheRefreshExecutor-0] com.netflix.discovery.DiscoveryClient    : Application is null : false
2022-10-31 00:02:26.870  INFO 28560 --- [DiscoveryClient-CacheRefreshExecutor-0] com.netflix.discovery.DiscoveryClient    : Registered Applications size is zero : true
2022-10-31 00:02:26.870  INFO 28560 --- [DiscoveryClient-CacheRefreshExecutor-0] com.netflix.discovery.DiscoveryClient    : Application version is -1: false
2022-10-31 00:02:26.870  INFO 28560 --- [DiscoveryClient-CacheRefreshExecutor-0] com.netflix.discovery.DiscoveryClient    : Getting all instance registry info from the eureka server
2022-10-31 00:02:26.894  INFO 28560 --- [DiscoveryClient-CacheRefreshExecutor-0] com.netflix.discovery.DiscoveryClient    : The response status is 200
2022-10-31 00:06:56.199  INFO 28560 --- [AsyncResolver-bootstrap-executor-0] c.n.d.s.r.aws.ConfigClusterResolver      : Resolving eureka endpoints via configuration
